#
# A fatal error has been detected by the Java Runtime Environment:
#
#  EXCEPTION_ACCESS_VIOLATION (0xc0000005) at pc=0x000000006908775a, pid=588528, tid=590676
#
# JRE version: 7.0-b147
# Java VM: Java HotSpot(TM) 64-Bit Server VM (21.0-b17 mixed mode windows-amd64 compressed oops)
# Problematic frame:
# C  [atio6axx.dll+0x5775a]
#
# Failed to write core dump. Minidumps are not enabled by default on client versions of Windows
#
# If you would like to submit a bug report, please visit:
#   http://bugreport.sun.com/bugreport/crash.jsp
# The crash happened outside the Java Virtual Machine in native code.
# See problematic frame for where to report the bug.
#

---------------  T H R E A D  ---------------

Current thread (0x000000000031d000):  JavaThread "main" [_thread_in_native, id=590676, stack(0x00000000025a0000,0x00000000026a0000)]

siginfo: ExceptionCode=0xc0000005, writing address 0x0000000001dc9004

Registers:
RAX=0x0000000000000000, RBX=0x0000000007045cb0, RCX=0x0000000000000c00, RDX=0x0000000000000001
RSP=0x000000000269e7a0, RBP=0x0000000008072330, RSI=0x0000000000000007, RDI=0x0000000008072320
R8 =0x0000000004014c00, R9 =0x0000000001dc9004, R10=0x0000000009a9ebb0, R11=0x00000000080b1b50
R12=0x0000000000000607, R13=0x0000000000004d50, R14=0x0000000000000037, R15=0x0000000000000000
RIP=0x000000006908775a, EFLAGS=0x0000000000010246

Top of Stack: (sp=0x000000000269e7a0)
0x000000000269e7a0:   0000000007045cb0 0000000009a9ead0
0x000000000269e7b0:   0000000000000000 0000000000000000
0x000000000269e7c0:   fffffffffffffffe 00000000be0002bc
0x000000000269e7d0:   00000000070614e0 0000000069031f9d
0x000000000269e7e0:   0000000009aad1f0 000000000269eb20
0x000000000269e7f0:   0000000077095410 0000000000000000
0x000000000269e800:   0000000009a9ebb0 00000000be0002bc
0x000000000269e810:   0000000000000040 0000000000000040
0x000000000269e820:   00000000003202c8 0000000007010080
0x000000000269e830:   0000000000320000 00000000070102a4
0x000000000269e840:   0000000007010e60 0000000000000050
0x000000000269e850:   0000000000000000 0000000000000000
0x000000000269e860:   0000000000000000 0000000000000000
0x000000000269e870:   0000000000000000 0000000000000000
0x000000000269e880:   0000000000000000 0000000000000000
0x000000000269e890:   0000000000000000 0000000000000000 

Instructions: (pc=0x000000006908775a)
0x000000006908773a:   8b c8 83 e1 02 25 3c 10 00 00 0b c1 41 8b c8 81
0x000000006908774a:   e1 00 0c 00 00 d1 e8 81 f9 00 0c 00 00 0f 94 c2
0x000000006908775a:   41 81 21 00 00 00 ff 41 c1 e8 0e 83 e2 01 41 81
0x000000006908776a:   e0 ff fd 03 00 45 09 01 c1 e2 0f 0b c2 41 89 41 


Register to memory mapping:

RAX=0x0000000000000000 is an unknown value
RBX=0x0000000007045cb0 is an unknown value
RCX=0x0000000000000c00 is an unknown value
RDX=0x0000000000000001 is an unknown value
RSP=0x000000000269e7a0 is pointing into the stack for thread: 0x000000000031d000
RBP=0x0000000008072330 is an unknown value
RSI=0x0000000000000007 is an unknown value
RDI=0x0000000008072320 is an unknown value
R8 =0x0000000004014c00 is an unknown value
R9 =0x0000000001dc9004 is an unknown value
R10=0x0000000009a9ebb0 is an unknown value
R11=0x00000000080b1b50 is an unknown value
R12=0x0000000000000607 is an unknown value
R13=0x0000000000004d50 is an unknown value
R14=0x0000000000000037 is an unknown value
R15=0x0000000000000000 is an unknown value


Stack: [0x00000000025a0000,0x00000000026a0000],  sp=0x000000000269e7a0,  free space=1017k
Native frames: (J=compiled Java code, j=interpreted, Vv=VM code, C=native code)
C  [atio6axx.dll+0x5775a]  DrvPresentBuffers+0x5d9a

Java frames: (J=compiled Java code, j=interpreted, Vv=VM code)
j  org.lwjgl.opengl.GL15.nglBufferData(IJJIJ)V+0
j  org.lwjgl.opengl.GL15.glBufferData(ILjava/nio/FloatBuffer;I)V+34
j  Tests.TriangleTest.main([Ljava/lang/String;)V+684
v  ~StubRoutines::call_stub

---------------  P R O C E S S  ---------------

Java Threads: ( => current thread )
  0x0000000005c9b000 JavaThread "Service Thread" daemon [_thread_blocked, id=590840, stack(0x0000000006cc0000,0x0000000006dc0000)]
  0x0000000005c90000 JavaThread "C2 CompilerThread1" daemon [_thread_blocked, id=590344, stack(0x00000000069e0000,0x0000000006ae0000)]
  0x0000000005c87000 JavaThread "C2 CompilerThread0" daemon [_thread_blocked, id=590040, stack(0x0000000006850000,0x0000000006950000)]
  0x0000000005c85800 JavaThread "Attach Listener" daemon [_thread_blocked, id=589708, stack(0x0000000006560000,0x0000000006660000)]
  0x0000000005c84800 JavaThread "Signal Dispatcher" daemon [_thread_blocked, id=590444, stack(0x00000000066e0000,0x00000000067e0000)]
  0x0000000005bf6800 JavaThread "Finalizer" daemon [_thread_blocked, id=590276, stack(0x0000000006330000,0x0000000006430000)]
  0x0000000005bf3800 JavaThread "Reference Handler" daemon [_thread_blocked, id=590184, stack(0x0000000006430000,0x0000000006530000)]
=>0x000000000031d000 JavaThread "main" [_thread_in_native, id=590676, stack(0x00000000025a0000,0x00000000026a0000)]

Other Threads:
  0x0000000005be7800 VMThread [stack: 0x0000000006180000,0x0000000006280000] [id=590448]
  0x0000000005ca5800 WatcherThread [stack: 0x0000000006e30000,0x0000000006f30000] [id=588636]

VM state:not at safepoint (normal execution)

VM Mutex/Monitor currently owned by a thread: None

Heap
 PSYoungGen      total 138752K, used 26890K [0x00000000e6ab0000, 0x00000000f2eb0000, 0x0000000100000000)
  eden space 94400K, 25% used [0x00000000e6ab0000,0x00000000e81d29b8,0x00000000ec6e0000)
  from space 44352K, 7% used [0x00000000ef190000,0x00000000ef4b0000,0x00000000f1ce0000)
  to   space 43712K, 0% used [0x00000000ec6e0000,0x00000000ec6e0000,0x00000000ef190000)
 PSOldGen        total 144768K, used 80233K [0x00000000b4000000, 0x00000000bcd60000, 0x00000000e6ab0000)
  object space 144768K, 55% used [0x00000000b4000000,0x00000000b8e5a6f0,0x00000000bcd60000)
 PSPermGen       total 21248K, used 4180K [0x00000000aee00000, 0x00000000b02c0000, 0x00000000b4000000)
  object space 21248K, 19% used [0x00000000aee00000,0x00000000af2151e0,0x00000000b02c0000)

Code Cache  [0x00000000026a0000, 0x0000000002910000, 0x00000000056a0000)
 total_blobs=333 nmethods=43 adapters=242 free_code_cache=48670Kb largest_free_block=49827328

Dynamic libraries:
0x000000013fe00000 - 0x000000013fe33000 	C:\Program Files\Java\jdk1.7.0\bin\java.exe
0x0000000076f80000 - 0x0000000077129000 	C:\Windows\SYSTEM32\ntdll.dll
0x0000000076d10000 - 0x0000000076e2f000 	C:\Windows\system32\kernel32.dll
0x000007fefd620000 - 0x000007fefd68c000 	C:\Windows\system32\KERNELBASE.dll
0x000007fefdb40000 - 0x000007fefdc1b000 	C:\Windows\system32\ADVAPI32.dll
0x000007feff1f0000 - 0x000007feff28f000 	C:\Windows\system32\msvcrt.dll
0x000007feff0a0000 - 0x000007feff0bf000 	C:\Windows\SYSTEM32\sechost.dll
0x000007fefef70000 - 0x000007feff09d000 	C:\Windows\system32\RPCRT4.dll
0x0000000076a00000 - 0x0000000076afa000 	C:\Windows\system32\USER32.dll
0x000007fefd930000 - 0x000007fefd997000 	C:\Windows\system32\GDI32.dll
0x000007fefef60000 - 0x000007fefef6e000 	C:\Windows\system32\LPK.dll
0x000007fefe9b0000 - 0x000007fefea79000 	C:\Windows\system32\USP10.dll
0x000007fefbe10000 - 0x000007fefc004000 	C:\Windows\WinSxS\amd64_microsoft.windows.common-controls_6595b64144ccf1df_6.0.7601.17514_none_fa396087175ac9ac\COMCTL32.dll
0x000007fefdac0000 - 0x000007fefdb31000 	C:\Windows\system32\SHLWAPI.dll
0x000007fefeb40000 - 0x000007fefeb6e000 	C:\Windows\system32\IMM32.DLL
0x000007feff0c0000 - 0x000007feff1c9000 	C:\Windows\system32\MSCTF.dll
0x0000000058f00000 - 0x0000000058fd1000 	C:\Program Files\Java\jdk1.7.0\jre\bin\msvcr100.dll
0x0000000058830000 - 0x0000000058efe000 	C:\Program Files\Java\jdk1.7.0\jre\bin\server\jvm.dll
0x000007feebf50000 - 0x000007feebf59000 	C:\Windows\system32\WSOCK32.dll
0x000007fefeaf0000 - 0x000007fefeb3d000 	C:\Windows\system32\WS2_32.dll
0x000007fefea80000 - 0x000007fefea88000 	C:\Windows\system32\NSI.dll
0x000007fef9da0000 - 0x000007fef9ddb000 	C:\Windows\system32\WINMM.dll
0x0000000077150000 - 0x0000000077157000 	C:\Windows\system32\PSAPI.DLL
0x0000000065860000 - 0x000000006586f000 	C:\Program Files\Java\jdk1.7.0\jre\bin\verify.dll
0x0000000065770000 - 0x0000000065798000 	C:\Program Files\Java\jdk1.7.0\jre\bin\java.dll
0x0000000065840000 - 0x0000000065855000 	C:\Program Files\Java\jdk1.7.0\jre\bin\zip.dll
0x0000000180000000 - 0x0000000180051000 	C:\Pocket Projects\PocketViewer\native\windows\lwjgl64.dll
0x000007fee7780000 - 0x000007fee789d000 	C:\Windows\system32\OPENGL32.dll
0x000007fefa400000 - 0x000007fefa42d000 	C:\Windows\system32\GLU32.dll
0x000007fee6630000 - 0x000007fee6721000 	C:\Windows\system32\DDRAW.dll
0x000007fefa3f0000 - 0x000007fefa3f8000 	C:\Windows\system32\DCIMAN32.dll
0x000007fefed80000 - 0x000007fefef57000 	C:\Windows\system32\SETUPAPI.dll
0x000007fefd6d0000 - 0x000007fefd706000 	C:\Windows\system32\CFGMGR32.dll
0x000007fefd7b0000 - 0x000007fefd887000 	C:\Windows\system32\OLEAUT32.dll
0x000007fefeb70000 - 0x000007fefed73000 	C:\Windows\system32\ole32.dll
0x000007fefd490000 - 0x000007fefd4aa000 	C:\Windows\system32\DEVOBJ.dll
0x000007fefb610000 - 0x000007fefb628000 	C:\Windows\system32\dwmapi.dll
0x000007fefc4f0000 - 0x000007fefc4fc000 	C:\Windows\system32\VERSION.dll
0x000007fefba90000 - 0x000007fefbae6000 	C:\Windows\system32\uxtheme.dll
0x000007fefa3e0000 - 0x000007fefa3e8000 	C:\Windows\system32\atig6pxx.dll
0x0000000069030000 - 0x000000006a343000 	C:\Windows\system32\atio6axx.dll
0x000007fefa3d0000 - 0x000007fefa3d8000 	C:\Windows\system32\atig6txx.dll
0x00000000727e0000 - 0x0000000072872000 	C:\Windows\system32\aticfx64.dll
0x0000000000290000 - 0x00000000002e6000 	C:\Windows\system32\atiadlxx.dll
0x000007fefd690000 - 0x000007fefd6ca000 	C:\Windows\system32\WINTRUST.dll
0x000007fefd4b0000 - 0x000007fefd61a000 	C:\Windows\system32\CRYPT32.dll
0x000007fefd480000 - 0x000007fefd48f000 	C:\Windows\system32\MSASN1.dll
0x000007fefd310000 - 0x000007fefd31f000 	C:\Windows\system32\CRYPTBASE.dll
0x000007fefda20000 - 0x000007fefdab9000 	C:\Windows\system32\CLBCatQ.DLL
0x000007feeb6c0000 - 0x000007feeb75c000 	C:\Windows\system32\mscms.dll
0x000007fefc6e0000 - 0x000007fefc6fe000 	C:\Windows\system32\USERENV.dll
0x000007fefd3e0000 - 0x000007fefd3ef000 	C:\Windows\system32\profapi.dll
0x000007fee87c0000 - 0x000007fee8802000 	C:\Windows\system32\icm32.dll

VM Arguments:
jvm_args: -Dfile.encoding=UTF-8 
java_command: Tests.TriangleTest
Launcher Type: SUN_STANDARD

Environment Variables:
CLASSPATH=.;.;C:\PROGRA~2\JMF21~1.1E\lib\sound.jar;C:\PROGRA~2\JMF21~1.1E\lib\jmf.jar;C:\PROGRA~2\JMF21~1.1E\lib;.;.;c:\PROGRA~2\java\JDK16~1.0_2\lib\lib\sound.jar;c:\PROGRA~2\java\JDK16~1.0_2\lib\lib\jmf.jar;c:\PROGRA~2\java\JDK16~1.0_2\lib\lib;C:\Windows\java\classes;.;C:\Program Files (x86)\Java\jre6\bin
PATH=C:\Program Files (x86)\PC Connectivity Solution\;C:\Program Files (x86)\AMD APP\bin\x86_64;C:\Program Files (x86)\AMD APP\bin\x86;C:\Perl64\site\bin;C:\Perl64\bin;C:\Program Files (x86)\Notepad++\plugins\database;C:\Program Files (x86)\Notepad++\plugins\PHP\ext;C:\Program Files (x86)\Notepad++\plugins\PHP;C:\Program Files\Common Files\Microsoft Shared\Windows Live;C:\Program Files (x86)\Common Files\Microsoft Shared\Windows Live;C:\Windows\system32;C:\Windows;C:\Windows\System32\Wbem;C:\Windows\System32\WindowsPowerShell\v1.0\;c:\Program Files (x86)\Microsoft SQL Server\100\Tools\Binn\;c:\Program Files\Microsoft SQL Server\100\Tools\Binn\;c:\Program Files\Microsoft SQL Server\100\DTS\Binn\;C:\Program Files (x86)\Autodesk\Backburner\;C:\Program Files (x86)\Common Files\Autodesk Shared\;C:\Program Files\Common Files\Autodesk Shared\;C:\Program Files (x86)\Windows Live\Shared;C:\Program Files (x86)\Smart Projects\IsoBuster;C:\Program Files (x86)\ATI Technologies\ATI.ACE\Core-Static;C:\Program Files (x86)\QuickTime\QTSystem\;c:\program files (x86)\gnuarm\bin;C:\Program Files\Microsoft Network Monitor 3\
USERNAME=Jocopa3
OS=Windows_NT
PROCESSOR_IDENTIFIER=AMD64 Family 16 Model 6 Stepping 3, AuthenticAMD



---------------  S Y S T E M  ---------------

OS: Windows 7 , 64 bit Build 7601 Service Pack 1

CPU:total 2 (2 cores per cpu, 1 threads per core) family 16 model 6 stepping 3, cmov, cx8, fxsr, mmx, sse, sse2, sse3, popcnt, mmxext, 3dnowpref, lzcnt, sse4a

Memory: 4k page, physical 4979996k(891916k free), swap 9958140k(2185864k free)

vm_info: Java HotSpot(TM) 64-Bit Server VM (21.0-b17) for windows-amd64 JRE (1.7.0-b147), built on Jun 27 2011 02:19:45 by "java_re" with unknown MS VC++:1600

time: Thu Jul 03 06:12:30 2014
elapsed time: 4 seconds

