#
# A fatal error has been detected by the Java Runtime Environment:
#
#  EXCEPTION_ACCESS_VIOLATION (0xc0000005) at pc=0x000000006908775a, pid=590256, tid=590812
#
# JRE version: 7.0-b147
# Java VM: Java HotSpot(TM) 64-Bit Server VM (21.0-b17 mixed mode windows-amd64 compressed oops)
# Problematic frame:
# C  [atio6axx.dll+0x5775a]
#
# Failed to write core dump. Minidumps are not enabled by default on client versions of Windows
#
# If you would like to submit a bug report, please visit:
#   http://bugreport.sun.com/bugreport/crash.jsp
# The crash happened outside the Java Virtual Machine in native code.
# See problematic frame for where to report the bug.
#

---------------  T H R E A D  ---------------

Current thread (0x00000000002cd000):  JavaThread "main" [_thread_in_native, id=590812, stack(0x0000000002300000,0x0000000002400000)]

siginfo: ExceptionCode=0xc0000005, writing address 0x00000000020d9004

Registers:
RAX=0x0000000000000000, RBX=0x0000000006645cb0, RCX=0x0000000000000c00, RDX=0x0000000000000001
RSP=0x00000000023fe660, RBP=0x0000000008282330, RSI=0x0000000000000007, RDI=0x0000000008282320
R8 =0x0000000004014c00, R9 =0x00000000020d9004, R10=0x00000000096a4ff0, R11=0x00000000082c1b50
R12=0x0000000000000607, R13=0x0000000000004d50, R14=0x0000000000000036, R15=0x0000000000000000
RIP=0x000000006908775a, EFLAGS=0x0000000000010246

Top of Stack: (sp=0x00000000023fe660)
0x00000000023fe660:   0000000006645cb0 00000000096a51b0
0x00000000023fe670:   0000000000000000 0000000000000000
0x00000000023fe680:   fffffffffffffffe 00000000be0002bc
0x00000000023fe690:   00000000066614e0 0000000069031f9d
0x00000000023fe6a0:   00000000098bd1f0 00000000023fe9e0
0x00000000023fe6b0:   0000000077095410 0000000000000000
0x00000000023fe6c0:   00000000096a4ff0 00000000be0002bc
0x00000000023fe6d0:   0000000000000040 0000000000000040
0x00000000023fe6e0:   00000000004f02c8 0000000006610080
0x00000000023fe6f0:   00000000004f0000 00000000066102a4
0x00000000023fe700:   0000000006610e60 0000000000000050
0x00000000023fe710:   0000000000000000 0000000000000000
0x00000000023fe720:   0000000000000000 0000000000000000
0x00000000023fe730:   0000000000000000 0000000000000000
0x00000000023fe740:   0000000000000000 0000000000000000
0x00000000023fe750:   0000000000000000 0000000000000000 

Instructions: (pc=0x000000006908775a)
0x000000006908773a:   8b c8 83 e1 02 25 3c 10 00 00 0b c1 41 8b c8 81
0x000000006908774a:   e1 00 0c 00 00 d1 e8 81 f9 00 0c 00 00 0f 94 c2
0x000000006908775a:   41 81 21 00 00 00 ff 41 c1 e8 0e 83 e2 01 41 81
0x000000006908776a:   e0 ff fd 03 00 45 09 01 c1 e2 0f 0b c2 41 89 41 


Register to memory mapping:

RAX=0x0000000000000000 is an unknown value
RBX=0x0000000006645cb0 is an unknown value
RCX=0x0000000000000c00 is an unknown value
RDX=0x0000000000000001 is an unknown value
RSP=0x00000000023fe660 is pointing into the stack for thread: 0x00000000002cd000
RBP=0x0000000008282330 is an unknown value
RSI=0x0000000000000007 is an unknown value
RDI=0x0000000008282320 is an unknown value
R8 =0x0000000004014c00 is an unknown value
R9 =0x00000000020d9004 is an unknown value
R10=0x00000000096a4ff0 is an unknown value
R11=0x00000000082c1b50 is an unknown value
R12=0x0000000000000607 is an unknown value
R13=0x0000000000004d50 is an unknown value
R14=0x0000000000000036 is an unknown value
R15=0x0000000000000000 is an unknown value


Stack: [0x0000000002300000,0x0000000002400000],  sp=0x00000000023fe660,  free space=1017k
Native frames: (J=compiled Java code, j=interpreted, Vv=VM code, C=native code)
C  [atio6axx.dll+0x5775a]  DrvPresentBuffers+0x5d9a

Java frames: (J=compiled Java code, j=interpreted, Vv=VM code)
j  org.lwjgl.opengl.GL15.nglBufferData(IJJIJ)V+0
j  org.lwjgl.opengl.GL15.glBufferData(ILjava/nio/FloatBuffer;I)V+34
j  Tests.TriangleTest.main([Ljava/lang/String;)V+684
v  ~StubRoutines::call_stub

---------------  P R O C E S S  ---------------

Java Threads: ( => current thread )
  0x0000000005c9a800 JavaThread "Service Thread" daemon [_thread_blocked, id=590548, stack(0x0000000006da0000,0x0000000006ea0000)]
  0x0000000005c8f800 JavaThread "C2 CompilerThread1" daemon [_thread_blocked, id=588308, stack(0x0000000006bc0000,0x0000000006cc0000)]
  0x0000000005c74800 JavaThread "C2 CompilerThread0" daemon [_thread_blocked, id=590348, stack(0x0000000006980000,0x0000000006a80000)]
  0x0000000005c72800 JavaThread "Attach Listener" daemon [_thread_blocked, id=590768, stack(0x0000000006810000,0x0000000006910000)]
  0x0000000005c71000 JavaThread "Signal Dispatcher" daemon [_thread_blocked, id=586496, stack(0x0000000006710000,0x0000000006810000)]
  0x0000000005be8800 JavaThread "Finalizer" daemon [_thread_blocked, id=590200, stack(0x0000000006510000,0x0000000006610000)]
  0x0000000005bdf800 JavaThread "Reference Handler" daemon [_thread_blocked, id=589232, stack(0x0000000006330000,0x0000000006430000)]
=>0x00000000002cd000 JavaThread "main" [_thread_in_native, id=590812, stack(0x0000000002300000,0x0000000002400000)]

Other Threads:
  0x0000000005bd7800 VMThread [stack: 0x00000000061d0000,0x00000000062d0000] [id=590360]
  0x0000000005ca5000 WatcherThread [stack: 0x0000000006fd0000,0x00000000070d0000] [id=581424]

VM state:not at safepoint (normal execution)

VM Mutex/Monitor currently owned by a thread: None

Heap
 PSYoungGen      total 137728K, used 28467K [0x00000000e6ab0000, 0x00000000f2c60000, 0x0000000100000000)
  eden space 93376K, 27% used [0x00000000e6ab0000,0x00000000e8354fc0,0x00000000ec5e0000)
  from space 44352K, 7% used [0x00000000ef090000,0x00000000ef3b8000,0x00000000f1be0000)
  to   space 43712K, 0% used [0x00000000ec5e0000,0x00000000ec5e0000,0x00000000ef090000)
 PSOldGen        total 145856K, used 80233K [0x00000000b4000000, 0x00000000bce70000, 0x00000000e6ab0000)
  object space 145856K, 55% used [0x00000000b4000000,0x00000000b8e5a600,0x00000000bce70000)
 PSPermGen       total 21248K, used 4180K [0x00000000aee00000, 0x00000000b02c0000, 0x00000000b4000000)
  object space 21248K, 19% used [0x00000000aee00000,0x00000000af2152b8,0x00000000b02c0000)

Code Cache  [0x0000000002400000, 0x0000000002670000, 0x0000000005400000)
 total_blobs=333 nmethods=43 adapters=242 free_code_cache=48671Kb largest_free_block=49828224

Dynamic libraries:
0x000000013f920000 - 0x000000013f953000 	C:\Program Files\Java\jdk1.7.0\bin\java.exe
0x0000000076f80000 - 0x0000000077129000 	C:\Windows\SYSTEM32\ntdll.dll
0x0000000076d10000 - 0x0000000076e2f000 	C:\Windows\system32\kernel32.dll
0x000007fefd620000 - 0x000007fefd68c000 	C:\Windows\system32\KERNELBASE.dll
0x000007fefdb40000 - 0x000007fefdc1b000 	C:\Windows\system32\ADVAPI32.dll
0x000007feff1f0000 - 0x000007feff28f000 	C:\Windows\system32\msvcrt.dll
0x000007feff0a0000 - 0x000007feff0bf000 	C:\Windows\SYSTEM32\sechost.dll
0x000007fefef70000 - 0x000007feff09d000 	C:\Windows\system32\RPCRT4.dll
0x0000000076a00000 - 0x0000000076afa000 	C:\Windows\system32\USER32.dll
0x000007fefd930000 - 0x000007fefd997000 	C:\Windows\system32\GDI32.dll
0x000007fefef60000 - 0x000007fefef6e000 	C:\Windows\system32\LPK.dll
0x000007fefe9b0000 - 0x000007fefea79000 	C:\Windows\system32\USP10.dll
0x000007fefbe10000 - 0x000007fefc004000 	C:\Windows\WinSxS\amd64_microsoft.windows.common-controls_6595b64144ccf1df_6.0.7601.17514_none_fa396087175ac9ac\COMCTL32.dll
0x000007fefdac0000 - 0x000007fefdb31000 	C:\Windows\system32\SHLWAPI.dll
0x000007fefeb40000 - 0x000007fefeb6e000 	C:\Windows\system32\IMM32.DLL
0x000007feff0c0000 - 0x000007feff1c9000 	C:\Windows\system32\MSCTF.dll
0x0000000058f00000 - 0x0000000058fd1000 	C:\Program Files\Java\jdk1.7.0\jre\bin\msvcr100.dll
0x0000000058830000 - 0x0000000058efe000 	C:\Program Files\Java\jdk1.7.0\jre\bin\server\jvm.dll
0x000007feebf50000 - 0x000007feebf59000 	C:\Windows\system32\WSOCK32.dll
0x000007fefeaf0000 - 0x000007fefeb3d000 	C:\Windows\system32\WS2_32.dll
0x000007fefea80000 - 0x000007fefea88000 	C:\Windows\system32\NSI.dll
0x000007fef9da0000 - 0x000007fef9ddb000 	C:\Windows\system32\WINMM.dll
0x0000000077150000 - 0x0000000077157000 	C:\Windows\system32\PSAPI.DLL
0x0000000065860000 - 0x000000006586f000 	C:\Program Files\Java\jdk1.7.0\jre\bin\verify.dll
0x0000000065770000 - 0x0000000065798000 	C:\Program Files\Java\jdk1.7.0\jre\bin\java.dll
0x0000000065840000 - 0x0000000065855000 	C:\Program Files\Java\jdk1.7.0\jre\bin\zip.dll
0x0000000180000000 - 0x0000000180051000 	C:\Pocket Projects\PocketViewer\native\windows\lwjgl64.dll
0x000007fee6610000 - 0x000007fee672d000 	C:\Windows\system32\OPENGL32.dll
0x000007feeac90000 - 0x000007feeacbd000 	C:\Windows\system32\GLU32.dll
0x000007fee77a0000 - 0x000007fee7891000 	C:\Windows\system32\DDRAW.dll
0x000007fef0a80000 - 0x000007fef0a88000 	C:\Windows\system32\DCIMAN32.dll
0x000007fefed80000 - 0x000007fefef57000 	C:\Windows\system32\SETUPAPI.dll
0x000007fefd6d0000 - 0x000007fefd706000 	C:\Windows\system32\CFGMGR32.dll
0x000007fefd7b0000 - 0x000007fefd887000 	C:\Windows\system32\OLEAUT32.dll
0x000007fefeb70000 - 0x000007fefed73000 	C:\Windows\system32\ole32.dll
0x000007fefd490000 - 0x000007fefd4aa000 	C:\Windows\system32\DEVOBJ.dll
0x000007fefb610000 - 0x000007fefb628000 	C:\Windows\system32\dwmapi.dll
0x000007fefc4f0000 - 0x000007fefc4fc000 	C:\Windows\system32\VERSION.dll
0x000007fefba90000 - 0x000007fefbae6000 	C:\Windows\system32\uxtheme.dll
0x000007fef0fa0000 - 0x000007fef0fa8000 	C:\Windows\system32\atig6pxx.dll
0x0000000069030000 - 0x000000006a343000 	C:\Windows\system32\atio6axx.dll
0x000007fef0970000 - 0x000007fef0978000 	C:\Windows\system32\atig6txx.dll
0x00000000727e0000 - 0x0000000072872000 	C:\Windows\system32\aticfx64.dll
0x0000000002270000 - 0x00000000022c6000 	C:\Windows\system32\atiadlxx.dll
0x000007fefd690000 - 0x000007fefd6ca000 	C:\Windows\system32\WINTRUST.dll
0x000007fefd4b0000 - 0x000007fefd61a000 	C:\Windows\system32\CRYPT32.dll
0x000007fefd480000 - 0x000007fefd48f000 	C:\Windows\system32\MSASN1.dll
0x000007fefd310000 - 0x000007fefd31f000 	C:\Windows\system32\CRYPTBASE.dll
0x000007fefda20000 - 0x000007fefdab9000 	C:\Windows\system32\CLBCatQ.DLL
0x000007feeb6c0000 - 0x000007feeb75c000 	C:\Windows\system32\mscms.dll
0x000007fefc6e0000 - 0x000007fefc6fe000 	C:\Windows\system32\USERENV.dll
0x000007fefd3e0000 - 0x000007fefd3ef000 	C:\Windows\system32\profapi.dll
0x000007fee87c0000 - 0x000007fee8802000 	C:\Windows\system32\icm32.dll

VM Arguments:
jvm_args: -Dfile.encoding=UTF-8 
java_command: Tests.TriangleTest
Launcher Type: SUN_STANDARD

Environment Variables:
CLASSPATH=.;.;C:\PROGRA~2\JMF21~1.1E\lib\sound.jar;C:\PROGRA~2\JMF21~1.1E\lib\jmf.jar;C:\PROGRA~2\JMF21~1.1E\lib;.;.;c:\PROGRA~2\java\JDK16~1.0_2\lib\lib\sound.jar;c:\PROGRA~2\java\JDK16~1.0_2\lib\lib\jmf.jar;c:\PROGRA~2\java\JDK16~1.0_2\lib\lib;C:\Windows\java\classes;.;C:\Program Files (x86)\Java\jre6\bin
PATH=C:\Program Files (x86)\PC Connectivity Solution\;C:\Program Files (x86)\AMD APP\bin\x86_64;C:\Program Files (x86)\AMD APP\bin\x86;C:\Perl64\site\bin;C:\Perl64\bin;C:\Program Files (x86)\Notepad++\plugins\database;C:\Program Files (x86)\Notepad++\plugins\PHP\ext;C:\Program Files (x86)\Notepad++\plugins\PHP;C:\Program Files\Common Files\Microsoft Shared\Windows Live;C:\Program Files (x86)\Common Files\Microsoft Shared\Windows Live;C:\Windows\system32;C:\Windows;C:\Windows\System32\Wbem;C:\Windows\System32\WindowsPowerShell\v1.0\;c:\Program Files (x86)\Microsoft SQL Server\100\Tools\Binn\;c:\Program Files\Microsoft SQL Server\100\Tools\Binn\;c:\Program Files\Microsoft SQL Server\100\DTS\Binn\;C:\Program Files (x86)\Autodesk\Backburner\;C:\Program Files (x86)\Common Files\Autodesk Shared\;C:\Program Files\Common Files\Autodesk Shared\;C:\Program Files (x86)\Windows Live\Shared;C:\Program Files (x86)\Smart Projects\IsoBuster;C:\Program Files (x86)\ATI Technologies\ATI.ACE\Core-Static;C:\Program Files (x86)\QuickTime\QTSystem\;c:\program files (x86)\gnuarm\bin;C:\Program Files\Microsoft Network Monitor 3\
USERNAME=Jocopa3
OS=Windows_NT
PROCESSOR_IDENTIFIER=AMD64 Family 16 Model 6 Stepping 3, AuthenticAMD



---------------  S Y S T E M  ---------------

OS: Windows 7 , 64 bit Build 7601 Service Pack 1

CPU:total 2 (2 cores per cpu, 1 threads per core) family 16 model 6 stepping 3, cmov, cx8, fxsr, mmx, sse, sse2, sse3, popcnt, mmxext, 3dnowpref, lzcnt, sse4a

Memory: 4k page, physical 4979996k(884640k free), swap 9958140k(2203548k free)

vm_info: Java HotSpot(TM) 64-Bit Server VM (21.0-b17) for windows-amd64 JRE (1.7.0-b147), built on Jun 27 2011 02:19:45 by "java_re" with unknown MS VC++:1600

time: Thu Jul 03 06:10:19 2014
elapsed time: 4 seconds

