#
# A fatal error has been detected by the Java Runtime Environment:
#
#  EXCEPTION_ACCESS_VIOLATION (0xc0000005) at pc=0x00000000693bdf90, pid=627900, tid=627800
#
# JRE version: 7.0-b147
# Java VM: Java HotSpot(TM) 64-Bit Server VM (21.0-b17 mixed mode windows-amd64 compressed oops)
# Problematic frame:
# C  [atio6axx.dll+0x38df90]
#
# Failed to write core dump. Minidumps are not enabled by default on client versions of Windows
#
# If you would like to submit a bug report, please visit:
#   http://bugreport.sun.com/bugreport/crash.jsp
# The crash happened outside the Java Virtual Machine in native code.
# See problematic frame for where to report the bug.
#

---------------  T H R E A D  ---------------

Current thread (0x00000000021dd000):  JavaThread "main" [_thread_in_native, id=627800, stack(0x00000000024f0000,0x00000000025f0000)]

siginfo: ExceptionCode=0xc0000005, reading address 0x00000000073b8000

Registers:
RAX=0x4655425f58455452, RBX=0x00000000073b7ff8, RCX=0x000000000a0d6838, RDX=0x00000000073b8000
RSP=0x00000000025ef200, RBP=0x000000000a0bfa00, RSI=0x0000000000000002, RDI=0x00000000000030be
R8 =0x000000000a0d6839, R9 =0x00000000025ef240, R10=0x000000000a0d683c, R11=0x0000000000000002
R12=0x000000006a22ce80, R13=0x000000006a22ea30, R14=0x0000000000004000, R15=0x0000000000000001
RIP=0x00000000693bdf90, EFLAGS=0x0000000000010297

Top of Stack: (sp=0x00000000025ef200)
0x00000000025ef200:   0000000000000002 0000000000000030
0x00000000025ef210:   0000000000000030 0000000009719f48
0x00000000025ef220:   00000000098d7050 0000000069936a45
0x00000000025ef230:   0000000000000000 0000000000000000
0x00000000025ef240:   00000000073b7ff8 0000000c0000000c
0x00000000025ef250:   00000000070f8a08 0000000c0000000c
0x00000000025ef260:   00000000081e91d0 0000000008193740
0x00000000025ef270:   0000000009719f48 0000000009719f48
0x00000000025ef280:   0000000008193740 0000000006f50080
0x00000000025ef290:   00000dcd010e005a 0000000006f50274
0x00000000025ef2a0:   0000000006f50560 00000000081e91d0
0x00000000025ef2b0:   00000000081ec3b0 00000000690d7994
0x00000000025ef2c0:   00000000081a0910 0000000000060000
0x00000000025ef2d0:   00000000081ec3b0 0000000069937f7b
0x00000000025ef2e0:   00000000000001d5 00000000000001d5
0x00000000025ef2f0:   00000000000001d5 00000000000001d5 

Instructions: (pc=0x00000000693bdf90)
0x00000000693bdf70:   48 8b 02 48 83 c1 08 48 83 c2 08 48 89 41 f8 49
0x00000000693bdf80:   3b c8 72 ec 4d 8d 42 fd 49 3b c8 73 15 0f 1f 00
0x00000000693bdf90:   8b 02 48 83 c1 04 48 83 c2 04 89 41 fc 49 3b c8
0x00000000693bdfa0:   72 ee 41 8b 41 08 49 83 c1 10 49 8b ca 48 03 c3 


Register to memory mapping:

RAX=0x4655425f58455452 is an unknown value
RBX=0x00000000073b7ff8 is an unknown value
RCX=0x000000000a0d6838 is an unknown value
RDX=0x00000000073b8000 is an unknown value
RSP=0x00000000025ef200 is pointing into the stack for thread: 0x00000000021dd000
RBP=0x000000000a0bfa00 is an unknown value
RSI=0x0000000000000002 is an unknown value
RDI=0x00000000000030be is an unknown value
R8 =0x000000000a0d6839 is an unknown value
R9 =0x00000000025ef240 is pointing into the stack for thread: 0x00000000021dd000
R10=0x000000000a0d683c is an unknown value
R11=0x0000000000000002 is an unknown value
R12=0x000000006a22ce80 is an unknown value
R13=0x000000006a22ea30 is an unknown value
R14=0x0000000000004000 is an unknown value
R15=0x0000000000000001 is an unknown value


Stack: [0x00000000024f0000,0x00000000025f0000],  sp=0x00000000025ef200,  free space=1020k
Native frames: (J=compiled Java code, j=interpreted, Vv=VM code, C=native code)
C  [atio6axx.dll+0x38df90]  atiPPHSN+0x278420

Java frames: (J=compiled Java code, j=interpreted, Vv=VM code)
j  org.lwjgl.opengl.GL11.nglDrawArrays(IIIJ)V+0
j  org.lwjgl.opengl.GL11.glDrawArrays(III)V+20
J  Tests.TriangleTest.main([Ljava/lang/String;)V
v  ~StubRoutines::call_stub

---------------  P R O C E S S  ---------------

Java Threads: ( => current thread )
  0x0000000005f9b000 JavaThread "Service Thread" daemon [_thread_blocked, id=627908, stack(0x0000000006c10000,0x0000000006d10000)]
  0x0000000005f98000 JavaThread "C2 CompilerThread1" daemon [_thread_blocked, id=625872, stack(0x0000000006d50000,0x0000000006e50000)]
  0x0000000005f87000 JavaThread "C2 CompilerThread0" daemon [_thread_blocked, id=627984, stack(0x0000000006af0000,0x0000000006bf0000)]
  0x0000000005f85800 JavaThread "Attach Listener" daemon [_thread_blocked, id=627952, stack(0x00000000068e0000,0x00000000069e0000)]
  0x0000000005f84800 JavaThread "Signal Dispatcher" daemon [_thread_blocked, id=627860, stack(0x00000000067d0000,0x00000000068d0000)]
  0x0000000005ef6800 JavaThread "Finalizer" daemon [_thread_blocked, id=627856, stack(0x00000000065f0000,0x00000000066f0000)]
  0x0000000005ef3000 JavaThread "Reference Handler" daemon [_thread_blocked, id=627836, stack(0x0000000006480000,0x0000000006580000)]
=>0x00000000021dd000 JavaThread "main" [_thread_in_native, id=627800, stack(0x00000000024f0000,0x00000000025f0000)]

Other Threads:
  0x0000000005ee7800 VMThread [stack: 0x0000000006330000,0x0000000006430000] [id=627876]
  0x0000000005fa5800 WatcherThread [stack: 0x0000000006e50000,0x0000000006f50000] [id=627880]

VM state:not at safepoint (normal execution)

VM Mutex/Monitor currently owned by a thread: None

Heap
 PSYoungGen      total 22720K, used 8920K [0x00000000e6ab0000, 0x00000000e8400000, 0x0000000100000000)
  eden space 19520K, 45% used [0x00000000e6ab0000,0x00000000e7366220,0x00000000e7dc0000)
  from space 3200K, 0% used [0x00000000e80e0000,0x00000000e80e0000,0x00000000e8400000)
  to   space 3200K, 0% used [0x00000000e7dc0000,0x00000000e7dc0000,0x00000000e80e0000)
 PSOldGen        total 51904K, used 0K [0x00000000b4000000, 0x00000000b72b0000, 0x00000000e6ab0000)
  object space 51904K, 0% used [0x00000000b4000000,0x00000000b4000000,0x00000000b72b0000)
 PSPermGen       total 21248K, used 4270K [0x00000000aee00000, 0x00000000b02c0000, 0x00000000b4000000)
  object space 21248K, 20% used [0x00000000aee00000,0x00000000af22bbc0,0x00000000b02c0000)

Code Cache  [0x00000000025f0000, 0x0000000002860000, 0x00000000055f0000)
 total_blobs=348 nmethods=55 adapters=245 free_code_cache=48628Kb largest_free_block=49780096

Dynamic libraries:
0x000000013f5f0000 - 0x000000013f623000 	C:\Program Files\Java\jdk1.7.0\bin\java.exe
0x0000000076f80000 - 0x0000000077129000 	C:\Windows\SYSTEM32\ntdll.dll
0x0000000076d10000 - 0x0000000076e2f000 	C:\Windows\system32\kernel32.dll
0x000007fefd620000 - 0x000007fefd68c000 	C:\Windows\system32\KERNELBASE.dll
0x000007fefdb40000 - 0x000007fefdc1b000 	C:\Windows\system32\ADVAPI32.dll
0x000007feff1f0000 - 0x000007feff28f000 	C:\Windows\system32\msvcrt.dll
0x000007feff0a0000 - 0x000007feff0bf000 	C:\Windows\SYSTEM32\sechost.dll
0x000007fefef70000 - 0x000007feff09d000 	C:\Windows\system32\RPCRT4.dll
0x0000000076a00000 - 0x0000000076afa000 	C:\Windows\system32\USER32.dll
0x000007fefd930000 - 0x000007fefd997000 	C:\Windows\system32\GDI32.dll
0x000007fefef60000 - 0x000007fefef6e000 	C:\Windows\system32\LPK.dll
0x000007fefe9b0000 - 0x000007fefea79000 	C:\Windows\system32\USP10.dll
0x000007fefbe10000 - 0x000007fefc004000 	C:\Windows\WinSxS\amd64_microsoft.windows.common-controls_6595b64144ccf1df_6.0.7601.17514_none_fa396087175ac9ac\COMCTL32.dll
0x000007fefdac0000 - 0x000007fefdb31000 	C:\Windows\system32\SHLWAPI.dll
0x000007fefeb40000 - 0x000007fefeb6e000 	C:\Windows\system32\IMM32.DLL
0x000007feff0c0000 - 0x000007feff1c9000 	C:\Windows\system32\MSCTF.dll
0x0000000058f00000 - 0x0000000058fd1000 	C:\Program Files\Java\jdk1.7.0\jre\bin\msvcr100.dll
0x0000000058830000 - 0x0000000058efe000 	C:\Program Files\Java\jdk1.7.0\jre\bin\server\jvm.dll
0x000007feebf50000 - 0x000007feebf59000 	C:\Windows\system32\WSOCK32.dll
0x000007fefeaf0000 - 0x000007fefeb3d000 	C:\Windows\system32\WS2_32.dll
0x000007fefea80000 - 0x000007fefea88000 	C:\Windows\system32\NSI.dll
0x000007fef9da0000 - 0x000007fef9ddb000 	C:\Windows\system32\WINMM.dll
0x0000000077150000 - 0x0000000077157000 	C:\Windows\system32\PSAPI.DLL
0x0000000065860000 - 0x000000006586f000 	C:\Program Files\Java\jdk1.7.0\jre\bin\verify.dll
0x0000000065770000 - 0x0000000065798000 	C:\Program Files\Java\jdk1.7.0\jre\bin\java.dll
0x0000000065840000 - 0x0000000065855000 	C:\Program Files\Java\jdk1.7.0\jre\bin\zip.dll
0x0000000180000000 - 0x0000000180051000 	C:\Pocket Projects\PocketViewer\native\windows\lwjgl64.dll
0x000007fee7780000 - 0x000007fee789d000 	C:\Windows\system32\OPENGL32.dll
0x000007fefa3f0000 - 0x000007fefa41d000 	C:\Windows\system32\GLU32.dll
0x000007fee6630000 - 0x000007fee6721000 	C:\Windows\system32\DDRAW.dll
0x000007fefa3e0000 - 0x000007fefa3e8000 	C:\Windows\system32\DCIMAN32.dll
0x000007fefed80000 - 0x000007fefef57000 	C:\Windows\system32\SETUPAPI.dll
0x000007fefd6d0000 - 0x000007fefd706000 	C:\Windows\system32\CFGMGR32.dll
0x000007fefd7b0000 - 0x000007fefd887000 	C:\Windows\system32\OLEAUT32.dll
0x000007fefeb70000 - 0x000007fefed73000 	C:\Windows\system32\ole32.dll
0x000007fefd490000 - 0x000007fefd4aa000 	C:\Windows\system32\DEVOBJ.dll
0x000007fefb610000 - 0x000007fefb628000 	C:\Windows\system32\dwmapi.dll
0x000007fefc4f0000 - 0x000007fefc4fc000 	C:\Windows\system32\VERSION.dll
0x000007fefba90000 - 0x000007fefbae6000 	C:\Windows\system32\uxtheme.dll
0x000007fefa3d0000 - 0x000007fefa3d8000 	C:\Windows\system32\atig6pxx.dll
0x0000000069030000 - 0x000000006a343000 	C:\Windows\system32\atio6axx.dll
0x000007fefa3c0000 - 0x000007fefa3c8000 	C:\Windows\system32\atig6txx.dll
0x00000000727e0000 - 0x0000000072872000 	C:\Windows\system32\aticfx64.dll
0x0000000002420000 - 0x0000000002476000 	C:\Windows\system32\atiadlxx.dll
0x000007fefd690000 - 0x000007fefd6ca000 	C:\Windows\system32\WINTRUST.dll
0x000007fefd4b0000 - 0x000007fefd61a000 	C:\Windows\system32\CRYPT32.dll
0x000007fefd480000 - 0x000007fefd48f000 	C:\Windows\system32\MSASN1.dll
0x000007fefd310000 - 0x000007fefd31f000 	C:\Windows\system32\CRYPTBASE.dll
0x000007fefda20000 - 0x000007fefdab9000 	C:\Windows\system32\CLBCatQ.DLL
0x000007feeb6c0000 - 0x000007feeb75c000 	C:\Windows\system32\mscms.dll
0x000007fefc6e0000 - 0x000007fefc6fe000 	C:\Windows\system32\USERENV.dll
0x000007fefd3e0000 - 0x000007fefd3ef000 	C:\Windows\system32\profapi.dll
0x000007fee87c0000 - 0x000007fee8802000 	C:\Windows\system32\icm32.dll

VM Arguments:
jvm_args: -Dfile.encoding=UTF-8 
java_command: Tests.TriangleTest
Launcher Type: SUN_STANDARD

Environment Variables:
CLASSPATH=.;.;C:\PROGRA~2\JMF21~1.1E\lib\sound.jar;C:\PROGRA~2\JMF21~1.1E\lib\jmf.jar;C:\PROGRA~2\JMF21~1.1E\lib;.;.;c:\PROGRA~2\java\JDK16~1.0_2\lib\lib\sound.jar;c:\PROGRA~2\java\JDK16~1.0_2\lib\lib\jmf.jar;c:\PROGRA~2\java\JDK16~1.0_2\lib\lib;C:\Windows\java\classes;.;C:\Program Files (x86)\Java\jre6\bin
PATH=C:\Program Files (x86)\PC Connectivity Solution\;C:\Program Files (x86)\AMD APP\bin\x86_64;C:\Program Files (x86)\AMD APP\bin\x86;C:\Perl64\site\bin;C:\Perl64\bin;C:\Program Files (x86)\Notepad++\plugins\database;C:\Program Files (x86)\Notepad++\plugins\PHP\ext;C:\Program Files (x86)\Notepad++\plugins\PHP;C:\Program Files\Common Files\Microsoft Shared\Windows Live;C:\Program Files (x86)\Common Files\Microsoft Shared\Windows Live;C:\Windows\system32;C:\Windows;C:\Windows\System32\Wbem;C:\Windows\System32\WindowsPowerShell\v1.0\;c:\Program Files (x86)\Microsoft SQL Server\100\Tools\Binn\;c:\Program Files\Microsoft SQL Server\100\Tools\Binn\;c:\Program Files\Microsoft SQL Server\100\DTS\Binn\;C:\Program Files (x86)\Autodesk\Backburner\;C:\Program Files (x86)\Common Files\Autodesk Shared\;C:\Program Files\Common Files\Autodesk Shared\;C:\Program Files (x86)\Windows Live\Shared;C:\Program Files (x86)\Smart Projects\IsoBuster;C:\Program Files (x86)\ATI Technologies\ATI.ACE\Core-Static;C:\Program Files (x86)\QuickTime\QTSystem\;c:\program files (x86)\gnuarm\bin;C:\Program Files\Microsoft Network Monitor 3\
USERNAME=Jocopa3
OS=Windows_NT
PROCESSOR_IDENTIFIER=AMD64 Family 16 Model 6 Stepping 3, AuthenticAMD



---------------  S Y S T E M  ---------------

OS: Windows 7 , 64 bit Build 7601 Service Pack 1

CPU:total 2 (2 cores per cpu, 1 threads per core) family 16 model 6 stepping 3, cmov, cx8, fxsr, mmx, sse, sse2, sse3, popcnt, mmxext, 3dnowpref, lzcnt, sse4a

Memory: 4k page, physical 4979996k(945344k free), swap 9958140k(2851032k free)

vm_info: Java HotSpot(TM) 64-Bit Server VM (21.0-b17) for windows-amd64 JRE (1.7.0-b147), built on Jun 27 2011 02:19:45 by "java_re" with unknown MS VC++:1600

time: Thu Jul 03 18:06:02 2014
elapsed time: 8 seconds

